<testsuite errors="0" failures="0" name="Django Project Tests" skips="0" tests="4" time="13.136"><testcase classname="apps.register.tests.RegisterTest" name="test_register_creation" time="0.000253" /><testcase classname="apps.register.tests.RegisterTest" name="test_register_homepage_view" time="0.005393" /><testcase classname="apps.register.tests.TestLogin" name="test_login_fire" time="6.612547" /><testcase classname="apps.register.tests.TestLogin" name="test_logout_fire" time="6.516682" /></testsuite>